{"meta": {"format": 3, "version": "7.11.0", "timestamp": "2025-10-16T20:37:40.848708", "branch_coverage": false, "show_contexts": false}, "files": {"app/__init__.py": {"executed_lines": [1, 7], "summary": {"covered_lines": 1, "num_statements": 1, "percent_covered": 100.0, "percent_covered_display": "100", "missing_lines": 0, "excluded_lines": 0}, "missing_lines": [], "excluded_lines": [], "functions": {"": {"executed_lines": [1, 7], "summary": {"covered_lines": 1, "num_statements": 1, "percent_covered": 100.0, "percent_covered_display": "100", "missing_lines": 0, "excluded_lines": 0}, "missing_lines": [], "excluded_lines": []}}, "classes": {"": {"executed_lines": [1, 7], "summary": {"covered_lines": 1, "num_statements": 1, "percent_covered": 100.0, "percent_covered_display": "100", "missing_lines": 0, "excluded_lines": 0}, "missing_lines": [], "excluded_lines": []}}}, "app/main.py": {"executed_lines": [1, 11, 12, 13, 14, 16, 17, 18, 19, 23, 24, 27, 28, 50, 61, 72, 77, 82, 89, 90, 97, 106, 107, 111, 120], "summary": {"covered_lines": 24, "num_statements": 35, "percent_covered": 68.57142857142857, "percent_covered_display": "69", "missing_lines": 11, "excluded_lines": 0}, "missing_lines": [34, 35, 36, 38, 39, 41, 44, 45, 46, 121, 122], "excluded_lines": [], "functions": {"lifespan": {"executed_lines": [], "summary": {"covered_lines": 0, "num_statements": 9, "percent_covered": 0.0, "percent_covered_display": "0", "missing_lines": 9, "excluded_lines": 0}, "missing_lines": [34, 35, 36, 38, 39, 41, 44, 45, 46], "excluded_lines": []}, "health_check": {"executed_lines": [97], "summary": {"covered_lines": 1, "num_statements": 1, "percent_covered": 100.0, "percent_covered_display": "100", "missing_lines": 0, "excluded_lines": 0}, "missing_lines": [], "excluded_lines": []}, "root": {"executed_lines": [111], "summary": {"covered_lines": 1, "num_statements": 1, "percent_covered": 100.0, "percent_covered_display": "100", "missing_lines": 0, "excluded_lines": 0}, "missing_lines": [], "excluded_lines": []}, "": {"executed_lines": [1, 11, 12, 13, 14, 16, 17, 18, 19, 23, 24, 27, 28, 50, 61, 72, 77, 82, 89, 90, 106, 107, 120], "summary": {"covered_lines": 22, "num_statements": 24, "percent_covered": 91.66666666666667, "percent_covered_display": "92", "missing_lines": 2, "excluded_lines": 0}, "missing_lines": [121, 122], "excluded_lines": []}}, "classes": {"": {"executed_lines": [1, 11, 12, 13, 14, 16, 17, 18, 19, 23, 24, 27, 28, 50, 61, 72, 77, 82, 89, 90, 97, 106, 107, 111, 120], "summary": {"covered_lines": 24, "num_statements": 35, "percent_covered": 68.57142857142857, "percent_covered_display": "69", "missing_lines": 11, "excluded_lines": 0}, "missing_lines": [34, 35, 36, 38, 39, 41, 44, 45, 46, 121, 122], "excluded_lines": []}}}, "app/models/__init__.py": {"executed_lines": [1, 7, 13, 18, 22, 28], "summary": {"covered_lines": 5, "num_statements": 5, "percent_covered": 100.0, "percent_covered_display": "100", "missing_lines": 0, "excluded_lines": 0}, "missing_lines": [], "excluded_lines": [], "functions": {"": {"executed_lines": [1, 7, 13, 18, 22, 28], "summary": {"covered_lines": 5, "num_statements": 5, "percent_covered": 100.0, "percent_covered_display": "100", "missing_lines": 0, "excluded_lines": 0}, "missing_lines": [], "excluded_lines": []}}, "classes": {"": {"executed_lines": [1, 7, 13, 18, 22, 28], "summary": {"covered_lines": 5, "num_statements": 5, "percent_covered": 100.0, "percent_covered_display": "100", "missing_lines": 0, "excluded_lines": 0}, "missing_lines": [], "excluded_lines": []}}}, "app/models/analytics.py": {"executed_lines": [1, 7, 8, 9, 14, 15, 20, 21, 22, 23, 24, 27, 30, 31, 32, 33, 36, 39, 41, 62, 63, 66, 67, 68, 69, 71, 74, 75, 80, 81, 82, 85, 88, 94, 95, 96, 97, 98, 101, 102, 103, 105], "summary": {"covered_lines": 38, "num_statements": 38, "percent_covered": 100.0, "percent_covered_display": "100", "missing_lines": 0, "excluded_lines": 0}, "missing_lines": [], "excluded_lines": [], "functions": {"": {"executed_lines": [1, 7, 8, 9, 14, 15, 20, 21, 22, 23, 24, 27, 30, 31, 32, 33, 36, 39, 41, 62, 63, 66, 67, 68, 69, 71, 74, 75, 80, 81, 82, 85, 88, 94, 95, 96, 97, 98, 101, 102, 103, 105], "summary": {"covered_lines": 38, "num_statements": 38, "percent_covered": 100.0, "percent_covered_display": "100", "missing_lines": 0, "excluded_lines": 0}, "missing_lines": [], "excluded_lines": []}}, "classes": {"ModelPerformanceResponse": {"executed_lines": [], "summary": {"covered_lines": 0, "num_statements": 0, "percent_covered": 100.0, "percent_covered_display": "100", "missing_lines": 0, "excluded_lines": 0}, "missing_lines": [], "excluded_lines": []}, "TimelinePoint": {"executed_lines": [], "summary": {"covered_lines": 0, "num_statements": 0, "percent_covered": 100.0, "percent_covered_display": "100", "missing_lines": 0, "excluded_lines": 0}, "missing_lines": [], "excluded_lines": []}, "StruggleReductionResponse": {"executed_lines": [], "summary": {"covered_lines": 0, "num_statements": 0, "percent_covered": 100.0, "percent_covered_display": "100", "missing_lines": 0, "excluded_lines": 0}, "missing_lines": [], "excluded_lines": []}, "": {"executed_lines": [1, 7, 8, 9, 14, 15, 20, 21, 22, 23, 24, 27, 30, 31, 32, 33, 36, 39, 41, 62, 63, 66, 67, 68, 69, 71, 74, 75, 80, 81, 82, 85, 88, 94, 95, 96, 97, 98, 101, 102, 103, 105], "summary": {"covered_lines": 38, "num_statements": 38, "percent_covered": 100.0, "percent_covered_display": "100", "missing_lines": 0, "excluded_lines": 0}, "missing_lines": [], "excluded_lines": []}}}, "app/models/feedback.py": {"executed_lines": [1, 7, 8, 9, 10, 13, 14, 15, 16, 17, 18, 19, 24, 25, 30, 31, 32, 34, 47, 48, 51, 52, 53, 54, 55, 56, 58], "summary": {"covered_lines": 23, "num_statements": 23, "percent_covered": 100.0, "percent_covered_display": "100", "missing_lines": 0, "excluded_lines": 0}, "missing_lines": [], "excluded_lines": [], "functions": {"": {"executed_lines": [1, 7, 8, 9, 10, 13, 14, 15, 16, 17, 18, 19, 24, 25, 30, 31, 32, 34, 47, 48, 51, 52, 53, 54, 55, 56, 58], "summary": {"covered_lines": 23, "num_statements": 23, "percent_covered": 100.0, "percent_covered_display": "100", "missing_lines": 0, "excluded_lines": 0}, "missing_lines": [], "excluded_lines": []}}, "classes": {"FeedbackType": {"executed_lines": [], "summary": {"covered_lines": 0, "num_statements": 0, "percent_covered": 100.0, "percent_covered_display": "100", "missing_lines": 0, "excluded_lines": 0}, "missing_lines": [], "excluded_lines": []}, "FeedbackRequest": {"executed_lines": [], "summary": {"covered_lines": 0, "num_statements": 0, "percent_covered": 100.0, "percent_covered_display": "100", "missing_lines": 0, "excluded_lines": 0}, "missing_lines": [], "excluded_lines": []}, "FeedbackResponse": {"executed_lines": [], "summary": {"covered_lines": 0, "num_statements": 0, "percent_covered": 100.0, "percent_covered_display": "100", "missing_lines": 0, "excluded_lines": 0}, "missing_lines": [], "excluded_lines": []}, "": {"executed_lines": [1, 7, 8, 9, 10, 13, 14, 15, 16, 17, 18, 19, 24, 25, 30, 31, 32, 34, 47, 48, 51, 52, 53, 54, 55, 56, 58], "summary": {"covered_lines": 23, "num_statements": 23, "percent_covered": 100.0, "percent_covered_display": "100", "missing_lines": 0, "excluded_lines": 0}, "missing_lines": [], "excluded_lines": []}}}, "app/models/interventions.py": {"executed_lines": [1, 7, 8, 9, 10, 13, 14, 15, 16, 17, 18, 19, 20, 23, 24, 25, 26, 27, 28, 33, 34, 37, 38, 39, 40, 41, 42, 43, 44, 45, 46, 47, 48, 50, 70, 71, 74, 76, 85, 86, 89, 90, 91, 92, 93, 95], "summary": {"covered_lines": 40, "num_statements": 40, "percent_covered": 100.0, "percent_covered_display": "100", "missing_lines": 0, "excluded_lines": 0}, "missing_lines": [], "excluded_lines": [], "functions": {"": {"executed_lines": [1, 7, 8, 9, 10, 13, 14, 15, 16, 17, 18, 19, 20, 23, 24, 25, 26, 27, 28, 33, 34, 37, 38, 39, 40, 41, 42, 43, 44, 45, 46, 47, 48, 50, 70, 71, 74, 76, 85, 86, 89, 90, 91, 92, 93, 95], "summary": {"covered_lines": 40, "num_statements": 40, "percent_covered": 100.0, "percent_covered_display": "100", "missing_lines": 0, "excluded_lines": 0}, "missing_lines": [], "excluded_lines": []}}, "classes": {"InterventionType": {"executed_lines": [], "summary": {"covered_lines": 0, "num_statements": 0, "percent_covered": 100.0, "percent_covered_display": "100", "missing_lines": 0, "excluded_lines": 0}, "missing_lines": [], "excluded_lines": []}, "InterventionStatus": {"executed_lines": [], "summary": {"covered_lines": 0, "num_statements": 0, "percent_covered": 100.0, "percent_covered_display": "100", "missing_lines": 0, "excluded_lines": 0}, "missing_lines": [], "excluded_lines": []}, "InterventionResponse": {"executed_lines": [], "summary": {"covered_lines": 0, "num_statements": 0, "percent_covered": 100.0, "percent_covered_display": "100", "missing_lines": 0, "excluded_lines": 0}, "missing_lines": [], "excluded_lines": []}, "InterventionApplyRequest": {"executed_lines": [], "summary": {"covered_lines": 0, "num_statements": 0, "percent_covered": 100.0, "percent_covered_display": "100", "missing_lines": 0, "excluded_lines": 0}, "missing_lines": [], "excluded_lines": []}, "InterventionApplyResponse": {"executed_lines": [], "summary": {"covered_lines": 0, "num_statements": 0, "percent_covered": 100.0, "percent_covered_display": "100", "missing_lines": 0, "excluded_lines": 0}, "missing_lines": [], "excluded_lines": []}, "": {"executed_lines": [1, 7, 8, 9, 10, 13, 14, 15, 16, 17, 18, 19, 20, 23, 24, 25, 26, 27, 28, 33, 34, 37, 38, 39, 40, 41, 42, 43, 44, 45, 46, 47, 48, 50, 70, 71, 74, 76, 85, 86, 89, 90, 91, 92, 93, 95], "summary": {"covered_lines": 40, "num_statements": 40, "percent_covered": 100.0, "percent_covered_display": "100", "missing_lines": 0, "excluded_lines": 0}, "missing_lines": [], "excluded_lines": []}}}, "app/models/predictions.py": {"executed_lines": [1, 7, 8, 9, 10, 13, 14, 15, 16, 17, 18, 21, 22, 23, 24, 25, 28, 29, 30, 31, 32, 33, 38, 39, 44, 45, 47, 59, 60, 63, 64, 65, 66, 67, 68, 69, 70, 71, 72, 73, 76, 77, 78, 80, 83, 84, 87, 88, 89, 90, 91, 92, 93, 94, 95, 97, 100, 101, 104, 105, 106, 107, 108, 109, 110, 112], "summary": {"covered_lines": 58, "num_statements": 58, "percent_covered": 100.0, "percent_covered_display": "100", "missing_lines": 0, "excluded_lines": 0}, "missing_lines": [], "excluded_lines": [], "functions": {"": {"executed_lines": [1, 7, 8, 9, 10, 13, 14, 15, 16, 17, 18, 21, 22, 23, 24, 25, 28, 29, 30, 31, 32, 33, 38, 39, 44, 45, 47, 59, 60, 63, 64, 65, 66, 67, 68, 69, 70, 71, 72, 73, 76, 77, 78, 80, 83, 84, 87, 88, 89, 90, 91, 92, 93, 94, 95, 97, 100, 101, 104, 105, 106, 107, 108, 109, 110, 112], "summary": {"covered_lines": 58, "num_statements": 58, "percent_covered": 100.0, "percent_covered_display": "100", "missing_lines": 0, "excluded_lines": 0}, "missing_lines": [], "excluded_lines": []}}, "classes": {"PredictionStatus": {"executed_lines": [], "summary": {"covered_lines": 0, "num_statements": 0, "percent_covered": 100.0, "percent_covered_display": "100", "missing_lines": 0, "excluded_lines": 0}, "missing_lines": [], "excluded_lines": []}, "Severity": {"executed_lines": [], "summary": {"covered_lines": 0, "num_statements": 0, "percent_covered": 100.0, "percent_covered_display": "100", "missing_lines": 0, "excluded_lines": 0}, "missing_lines": [], "excluded_lines": []}, "AlertType": {"executed_lines": [], "summary": {"covered_lines": 0, "num_statements": 0, "percent_covered": 100.0, "percent_covered_display": "100", "missing_lines": 0, "excluded_lines": 0}, "missing_lines": [], "excluded_lines": []}, "PredictionRequest": {"executed_lines": [], "summary": {"covered_lines": 0, "num_statements": 0, "percent_covered": 100.0, "percent_covered_display": "100", "missing_lines": 0, "excluded_lines": 0}, "missing_lines": [], "excluded_lines": []}, "PredictionDetail": {"executed_lines": [], "summary": {"covered_lines": 0, "num_statements": 0, "percent_covered": 100.0, "percent_covered_display": "100", "missing_lines": 0, "excluded_lines": 0}, "missing_lines": [], "excluded_lines": []}, "AlertResponse": {"executed_lines": [], "summary": {"covered_lines": 0, "num_statements": 0, "percent_covered": 100.0, "percent_covered_display": "100", "missing_lines": 0, "excluded_lines": 0}, "missing_lines": [], "excluded_lines": []}, "PredictionResponse": {"executed_lines": [], "summary": {"covered_lines": 0, "num_statements": 0, "percent_covered": 100.0, "percent_covered_display": "100", "missing_lines": 0, "excluded_lines": 0}, "missing_lines": [], "excluded_lines": []}, "": {"executed_lines": [1, 7, 8, 9, 10, 13, 14, 15, 16, 17, 18, 21, 22, 23, 24, 25, 28, 29, 30, 31, 32, 33, 38, 39, 44, 45, 47, 59, 60, 63, 64, 65, 66, 67, 68, 69, 70, 71, 72, 73, 76, 77, 78, 80, 83, 84, 87, 88, 89, 90, 91, 92, 93, 94, 95, 97, 100, 101, 104, 105, 106, 107, 108, 109, 110, 112], "summary": {"covered_lines": 58, "num_statements": 58, "percent_covered": 100.0, "percent_covered_display": "100", "missing_lines": 0, "excluded_lines": 0}, "missing_lines": [], "excluded_lines": []}}}, "app/routes/__init__.py": {"executed_lines": [1], "summary": {"covered_lines": 0, "num_statements": 0, "percent_covered": 100.0, "percent_covered_display": "100", "missing_lines": 0, "excluded_lines": 0}, "missing_lines": [], "excluded_lines": [], "functions": {"": {"executed_lines": [1], "summary": {"covered_lines": 0, "num_statements": 0, "percent_covered": 100.0, "percent_covered_display": "100", "missing_lines": 0, "excluded_lines": 0}, "missing_lines": [], "excluded_lines": []}}, "classes": {"": {"executed_lines": [1], "summary": {"covered_lines": 0, "num_statements": 0, "percent_covered": 100.0, "percent_covered_display": "100", "missing_lines": 0, "excluded_lines": 0}, "missing_lines": [], "excluded_lines": []}}}, "app/routes/analytics.py": {"executed_lines": [1, 7, 8, 9, 10, 11, 13, 14, 15, 16, 18, 19, 22, 23, 32, 34, 35, 36, 38, 40, 42, 83, 84, 94, 96, 97, 98, 99, 100, 101, 102, 103, 104, 111, 120, 128, 129, 130, 132], "summary": {"covered_lines": 38, "num_statements": 57, "percent_covered": 66.66666666666667, "percent_covered_display": "67", "missing_lines": 19, "excluded_lines": 0}, "missing_lines": [55, 56, 57, 58, 60, 61, 62, 63, 64, 66, 78, 79, 80, 106, 107, 108, 155, 156, 157], "excluded_lines": [], "functions": {"get_model_performance": {"executed_lines": [32, 34, 35, 36, 38, 40, 42], "summary": {"covered_lines": 7, "num_statements": 20, "percent_covered": 35.0, "percent_covered_display": "35", "missing_lines": 13, "excluded_lines": 0}, "missing_lines": [55, 56, 57, 58, 60, 61, 62, 63, 64, 66, 78, 79, 80], "excluded_lines": []}, "get_struggle_reduction": {"executed_lines": [94, 96, 97, 98, 99, 100, 101, 102, 103, 104, 111, 120, 128, 129, 130, 132], "summary": {"covered_lines": 16, "num_statements": 22, "percent_covered": 72.72727272727273, "percent_covered_display": "73", "missing_lines": 6, "excluded_lines": 0}, "missing_lines": [106, 107, 108, 155, 156, 157], "excluded_lines": []}, "": {"executed_lines": [1, 7, 8, 9, 10, 11, 13, 14, 15, 16, 18, 19, 22, 23, 83, 84], "summary": {"covered_lines": 15, "num_statements": 15, "percent_covered": 100.0, "percent_covered_display": "100", "missing_lines": 0, "excluded_lines": 0}, "missing_lines": [], "excluded_lines": []}}, "classes": {"": {"executed_lines": [1, 7, 8, 9, 10, 11, 13, 14, 15, 16, 18, 19, 22, 23, 32, 34, 35, 36, 38, 40, 42, 83, 84, 94, 96, 97, 98, 99, 100, 101, 102, 103, 104, 111, 120, 128, 129, 130, 132], "summary": {"covered_lines": 38, "num_statements": 57, "percent_covered": 66.66666666666667, "percent_covered_display": "67", "missing_lines": 19, "excluded_lines": 0}, "missing_lines": [55, 56, 57, 58, 60, 61, 62, 63, 64, 66, 78, 79, 80, 106, 107, 108, 155, 156, 157], "excluded_lines": []}}}, "app/routes/interventions.py": {"executed_lines": [1, 7, 8, 9, 10, 11, 13, 18, 19, 21, 22, 25, 26, 35, 36, 44, 51, 52, 62, 64, 67, 68, 103, 104], "summary": {"covered_lines": 23, "num_statements": 37, "percent_covered": 62.16216216216216, "percent_covered_display": "62", "missing_lines": 14, "excluded_lines": 0}, "missing_lines": [46, 47, 48, 71, 72, 74, 82, 83, 84, 87, 96, 105, 106, 107], "excluded_lines": [], "functions": {"get_interventions": {"executed_lines": [35, 36, 44], "summary": {"covered_lines": 3, "num_statements": 6, "percent_covered": 50.0, "percent_covered_display": "50", "missing_lines": 3, "excluded_lines": 0}, "missing_lines": [46, 47, 48], "excluded_lines": []}, "apply_intervention": {"executed_lines": [62, 64, 67, 68, 103, 104], "summary": {"covered_lines": 6, "num_statements": 17, "percent_covered": 35.294117647058826, "percent_covered_display": "35", "missing_lines": 11, "excluded_lines": 0}, "missing_lines": [71, 72, 74, 82, 83, 84, 87, 96, 105, 106, 107], "excluded_lines": []}, "": {"executed_lines": [1, 7, 8, 9, 10, 11, 13, 18, 19, 21, 22, 25, 26, 51, 52], "summary": {"covered_lines": 14, "num_statements": 14, "percent_covered": 100.0, "percent_covered_display": "100", "missing_lines": 0, "excluded_lines": 0}, "missing_lines": [], "excluded_lines": []}}, "classes": {"": {"executed_lines": [1, 7, 8, 9, 10, 11, 13, 18, 19, 21, 22, 25, 26, 35, 36, 44, 51, 52, 62, 64, 67, 68, 103, 104], "summary": {"covered_lines": 23, "num_statements": 37, "percent_covered": 62.16216216216216, "percent_covered_display": "62", "missing_lines": 14, "excluded_lines": 0}, "missing_lines": [46, 47, 48, 71, 72, 74, 82, 83, 84, 87, 96, 105, 106, 107], "excluded_lines": []}}}, "app/routes/predictions.py": {"executed_lines": [1, 7, 8, 9, 10, 12, 13, 14, 15, 16, 18, 19, 22, 23, 32, 33, 36, 39, 42, 43, 60, 61, 62, 64, 78, 79, 90, 91, 95, 96, 98, 107, 126, 127, 128, 130, 143, 144, 154, 156, 157, 158, 189, 190], "summary": {"covered_lines": 43, "num_statements": 58, "percent_covered": 74.13793103448276, "percent_covered_display": "74", "missing_lines": 15, "excluded_lines": 0}, "missing_lines": [44, 57, 73, 74, 75, 138, 139, 140, 161, 172, 173, 182, 191, 192, 193], "excluded_lines": [], "functions": {"generate_predictions": {"executed_lines": [32, 33, 36, 39, 42, 43, 60, 61, 62, 64], "summary": {"covered_lines": 10, "num_statements": 15, "percent_covered": 66.66666666666667, "percent_covered_display": "67", "missing_lines": 5, "excluded_lines": 0}, "missing_lines": [44, 57, 73, 74, 75], "excluded_lines": []}, "get_predictions": {"executed_lines": [90, 91, 95, 96, 98, 107, 126, 127, 128, 130], "summary": {"covered_lines": 10, "num_statements": 13, "percent_covered": 76.92307692307692, "percent_covered_display": "77", "missing_lines": 3, "excluded_lines": 0}, "missing_lines": [138, 139, 140], "excluded_lines": []}, "submit_feedback": {"executed_lines": [154, 156, 157, 158, 189, 190], "summary": {"covered_lines": 6, "num_statements": 13, "percent_covered": 46.15384615384615, "percent_covered_display": "46", "missing_lines": 7, "excluded_lines": 0}, "missing_lines": [161, 172, 173, 182, 191, 192, 193], "excluded_lines": []}, "": {"executed_lines": [1, 7, 8, 9, 10, 12, 13, 14, 15, 16, 18, 19, 22, 23, 78, 79, 143, 144], "summary": {"covered_lines": 17, "num_statements": 17, "percent_covered": 100.0, "percent_covered_display": "100", "missing_lines": 0, "excluded_lines": 0}, "missing_lines": [], "excluded_lines": []}}, "classes": {"": {"executed_lines": [1, 7, 8, 9, 10, 12, 13, 14, 15, 16, 18, 19, 22, 23, 32, 33, 36, 39, 42, 43, 60, 61, 62, 64, 78, 79, 90, 91, 95, 96, 98, 107, 126, 127, 128, 130, 143, 144, 154, 156, 157, 158, 189, 190], "summary": {"covered_lines": 43, "num_statements": 58, "percent_covered": 74.13793103448276, "percent_covered_display": "74", "missing_lines": 15, "excluded_lines": 0}, "missing_lines": [44, 57, 73, 74, 75, 138, 139, 140, 161, 172, 173, 182, 191, 192, 193], "excluded_lines": []}}}, "app/services/__init__.py": {"executed_lines": [1], "summary": {"covered_lines": 0, "num_statements": 0, "percent_covered": 100.0, "percent_covered_display": "100", "missing_lines": 0, "excluded_lines": 0}, "missing_lines": [], "excluded_lines": [], "functions": {"": {"executed_lines": [1], "summary": {"covered_lines": 0, "num_statements": 0, "percent_covered": 100.0, "percent_covered_display": "100", "missing_lines": 0, "excluded_lines": 0}, "missing_lines": [], "excluded_lines": []}}, "classes": {"": {"executed_lines": [1], "summary": {"covered_lines": 0, "num_statements": 0, "percent_covered": 100.0, "percent_covered_display": "100", "missing_lines": 0, "excluded_lines": 0}, "missing_lines": [], "excluded_lines": []}}}, "app/services/database.py": {"executed_lines": [1, 7, 8, 10, 13, 19, 31, 33], "summary": {"covered_lines": 7, "num_statements": 8, "percent_covered": 87.5, "percent_covered_display": "88", "missing_lines": 1, "excluded_lines": 1}, "missing_lines": [32], "excluded_lines": [20], "functions": {"get_db": {"executed_lines": [31, 33], "summary": {"covered_lines": 2, "num_statements": 3, "percent_covered": 66.66666666666667, "percent_covered_display": "67", "missing_lines": 1, "excluded_lines": 1}, "missing_lines": [32], "excluded_lines": [20]}, "": {"executed_lines": [1, 7, 8, 10, 13, 19], "summary": {"covered_lines": 5, "num_statements": 5, "percent_covered": 100.0, "percent_covered_display": "100", "missing_lines": 0, "excluded_lines": 0}, "missing_lines": [], "excluded_lines": []}}, "classes": {"": {"executed_lines": [1, 7, 8, 10, 13, 19, 31, 33], "summary": {"covered_lines": 7, "num_statements": 8, "percent_covered": 87.5, "percent_covered_display": "88", "missing_lines": 1, "excluded_lines": 1}, "missing_lines": [32], "excluded_lines": [20]}}}, "app/services/detection_engine.py": {"executed_lines": [1, 8, 9, 10, 11, 18, 27, 29, 30, 32, 35, 36, 47, 49, 50, 51, 53, 64, 67, 68, 77, 78, 83, 92, 95, 98, 99, 107, 108, 110, 125, 127, 149, 160, 165, 166, 207, 217, 219, 232, 233, 251, 255, 298, 300, 301, 303, 304, 306, 307, 308, 309, 312, 314, 315, 321, 323, 325, 326, 328], "summary": {"covered_lines": 58, "num_statements": 94, "percent_covered": 61.702127659574465, "percent_covered_display": "62", "missing_lines": 36, "excluded_lines": 0}, "missing_lines": [79, 80, 100, 101, 102, 103, 104, 105, 169, 170, 179, 180, 182, 185, 186, 188, 189, 203, 205, 234, 235, 236, 238, 248, 261, 263, 268, 271, 276, 277, 280, 292, 294, 295, 296, 310], "excluded_lines": [], "functions": {"StruggleDetectionEngine.__init__": {"executed_lines": [49, 50, 51], "summary": {"covered_lines": 3, "num_statements": 3, "percent_covered": 100.0, "percent_covered_display": "100", "missing_lines": 0, "excluded_lines": 0}, "missing_lines": [], "excluded_lines": []}, "StruggleDetectionEngine.run_predictions": {"executed_lines": [64, 67, 68, 77, 78, 83, 92, 95, 98, 99, 107, 108], "summary": {"covered_lines": 12, "num_statements": 20, "percent_covered": 60.0, "percent_covered_display": "60", "missing_lines": 8, "excluded_lines": 0}, "missing_lines": [79, 80, 100, 101, 102, 103, 104, 105], "excluded_lines": []}, "StruggleDetectionEngine.detect_upcoming_struggles": {"executed_lines": [125, 127], "summary": {"covered_lines": 2, "num_statements": 2, "percent_covered": 100.0, "percent_covered_display": "100", "missing_lines": 0, "excluded_lines": 0}, "missing_lines": [], "excluded_lines": []}, "StruggleDetectionEngine.analyze_current_struggles": {"executed_lines": [160, 165, 166], "summary": {"covered_lines": 3, "num_statements": 14, "percent_covered": 21.428571428571427, "percent_covered_display": "21", "missing_lines": 11, "excluded_lines": 0}, "missing_lines": [169, 170, 179, 180, 182, 185, 186, 188, 189, 203, 205], "excluded_lines": []}, "StruggleDetectionEngine.generate_alerts": {"executed_lines": [217, 219, 232, 233, 251], "summary": {"covered_lines": 5, "num_statements": 10, "percent_covered": 50.0, "percent_covered_display": "50", "missing_lines": 5, "excluded_lines": 0}, "missing_lines": [234, 235, 236, 238, 248], "excluded_lines": []}, "StruggleDetectionEngine._predict_for_objective": {"executed_lines": [], "summary": {"covered_lines": 0, "num_statements": 11, "percent_covered": 0.0, "percent_covered_display": "0", "missing_lines": 11, "excluded_lines": 0}, "missing_lines": [261, 263, 268, 271, 276, 277, 280, 292, 294, 295, 296], "excluded_lines": []}, "StruggleDetectionEngine._calculate_alert_severity": {"executed_lines": [300, 301, 303, 304, 306, 307, 308, 309], "summary": {"covered_lines": 8, "num_statements": 9, "percent_covered": 88.88888888888889, "percent_covered_display": "89", "missing_lines": 1, "excluded_lines": 0}, "missing_lines": [310], "excluded_lines": []}, "StruggleDetectionEngine._calculate_priority": {"executed_lines": [314, 315, 321], "summary": {"covered_lines": 3, "num_statements": 3, "percent_covered": 100.0, "percent_covered_display": "100", "missing_lines": 0, "excluded_lines": 0}, "missing_lines": [], "excluded_lines": []}, "StruggleDetectionEngine._generate_alert_message": {"executed_lines": [325, 326, 328], "summary": {"covered_lines": 3, "num_statements": 3, "percent_covered": 100.0, "percent_covered_display": "100", "missing_lines": 0, "excluded_lines": 0}, "missing_lines": [], "excluded_lines": []}, "": {"executed_lines": [1, 8, 9, 10, 11, 18, 27, 29, 30, 32, 35, 36, 47, 53, 110, 149, 207, 255, 298, 312, 323], "summary": {"covered_lines": 19, "num_statements": 19, "percent_covered": 100.0, "percent_covered_display": "100", "missing_lines": 0, "excluded_lines": 0}, "missing_lines": [], "excluded_lines": []}}, "classes": {"StruggleDetectionEngine": {"executed_lines": [49, 50, 51, 64, 67, 68, 77, 78, 83, 92, 95, 98, 99, 107, 108, 125, 127, 160, 165, 166, 217, 219, 232, 233, 251, 300, 301, 303, 304, 306, 307, 308, 309, 314, 315, 321, 325, 326, 328], "summary": {"covered_lines": 39, "num_statements": 75, "percent_covered": 52.0, "percent_covered_display": "52", "missing_lines": 36, "excluded_lines": 0}, "missing_lines": [79, 80, 100, 101, 102, 103, 104, 105, 169, 170, 179, 180, 182, 185, 186, 188, 189, 203, 205, 234, 235, 236, 238, 248, 261, 263, 268, 271, 276, 277, 280, 292, 294, 295, 296, 310], "excluded_lines": []}, "": {"executed_lines": [1, 8, 9, 10, 11, 18, 27, 29, 30, 32, 35, 36, 47, 53, 110, 149, 207, 255, 298, 312, 323], "summary": {"covered_lines": 19, "num_statements": 19, "percent_covered": 100.0, "percent_covered_display": "100", "missing_lines": 0, "excluded_lines": 0}, "missing_lines": [], "excluded_lines": []}}}, "app/services/struggle_feature_extractor.py": {"executed_lines": [1, 11, 12, 13, 14, 15, 16, 17, 20, 21, 22, 33, 34, 35, 36, 37, 40, 41, 44, 45, 48, 49, 50, 53, 54, 55, 58, 59, 61, 81, 87, 88, 109, 110, 124, 132, 133, 134, 137, 138, 139, 143, 159, 216, 258, 303, 341, 370, 396, 425, 461, 472, 494, 505, 524, 536, 558, 577, 602, 605, 607, 625, 643, 653, 662, 671, 680, 688, 697, 702, 711, 716, 725, 734, 739, 749, 766, 770], "summary": {"covered_lines": 75, "num_statements": 240, "percent_covered": 31.25, "percent_covered_display": "31", "missing_lines": 165, "excluded_lines": 0}, "missing_lines": [63, 83, 84, 85, 90, 160, 161, 164, 167, 170, 173, 176, 181, 190, 232, 234, 236, 239, 240, 241, 242, 245, 248, 250, 273, 275, 278, 279, 282, 283, 285, 287, 289, 292, 293, 294, 299, 310, 313, 316, 317, 320, 321, 324, 329, 333, 348, 350, 352, 355, 356, 357, 358, 361, 362, 363, 365, 378, 379, 385, 386, 389, 391, 404, 407, 412, 413, 414, 417, 419, 431, 434, 435, 436, 437, 439, 442, 443, 444, 445, 447, 450, 451, 453, 466, 467, 469, 470, 477, 478, 481, 484, 487, 488, 491, 492, 499, 500, 502, 503, 511, 517, 518, 521, 522, 527, 529, 530, 531, 532, 534, 541, 542, 544, 547, 548, 550, 551, 552, 553, 554, 556, 565, 566, 568, 569, 570, 572, 573, 575, 579, 612, 614, 615, 616, 617, 623, 630, 632, 633, 634, 635, 641, 651, 660, 669, 678, 686, 695, 700, 709, 714, 723, 732, 737, 745, 755, 756, 758, 759, 761, 762, 764, 768, 772], "excluded_lines": [], "functions": {"FeatureVector.to_array": {"executed_lines": [], "summary": {"covered_lines": 0, "num_statements": 1, "percent_covered": 0.0, "percent_covered_display": "0", "missing_lines": 1, "excluded_lines": 0}, "missing_lines": [63], "excluded_lines": []}, "FeatureVector.to_dict": {"executed_lines": [], "summary": {"covered_lines": 0, "num_statements": 3, "percent_covered": 0.0, "percent_covered_display": "0", "missing_lines": 3, "excluded_lines": 0}, "missing_lines": [83, 84, 85], "excluded_lines": []}, "FeatureVector.feature_names": {"executed_lines": [], "summary": {"covered_lines": 0, "num_statements": 1, "percent_covered": 0.0, "percent_covered_display": "0", "missing_lines": 1, "excluded_lines": 0}, "missing_lines": [90], "excluded_lines": []}, "StruggleFeatureExtractor.__init__": {"executed_lines": [132, 133, 134, 137, 138, 139], "summary": {"covered_lines": 6, "num_statements": 6, "percent_covered": 100.0, "percent_covered_display": "100", "missing_lines": 0, "excluded_lines": 0}, "missing_lines": [], "excluded_lines": []}, "StruggleFeatureExtractor.extract_features_for_objective": {"executed_lines": [159], "summary": {"covered_lines": 1, "num_statements": 10, "percent_covered": 10.0, "percent_covered_display": "10", "missing_lines": 9, "excluded_lines": 0}, "missing_lines": [160, 161, 164, 167, 170, 173, 176, 181, 190], "excluded_lines": []}, "StruggleFeatureExtractor.extract_features_for_topic": {"executed_lines": [], "summary": {"covered_lines": 0, "num_statements": 10, "percent_covered": 0.0, "percent_covered_display": "0", "missing_lines": 10, "excluded_lines": 0}, "missing_lines": [232, 234, 236, 239, 240, 241, 242, 245, 248, 250], "excluded_lines": []}, "StruggleFeatureExtractor.calculate_feature_importance": {"executed_lines": [], "summary": {"covered_lines": 0, "num_statements": 13, "percent_covered": 0.0, "percent_covered_display": "0", "missing_lines": 13, "excluded_lines": 0}, "missing_lines": [273, 275, 278, 279, 282, 283, 285, 287, 289, 292, 293, 294, 299], "excluded_lines": []}, "StruggleFeatureExtractor._extract_performance_features": {"executed_lines": [], "summary": {"covered_lines": 0, "num_statements": 9, "percent_covered": 0.0, "percent_covered_display": "0", "missing_lines": 9, "excluded_lines": 0}, "missing_lines": [310, 313, 316, 317, 320, 321, 324, 329, 333], "excluded_lines": []}, "StruggleFeatureExtractor._extract_prerequisite_features": {"executed_lines": [], "summary": {"covered_lines": 0, "num_statements": 11, "percent_covered": 0.0, "percent_covered_display": "0", "missing_lines": 11, "excluded_lines": 0}, "missing_lines": [348, 350, 352, 355, 356, 357, 358, 361, 362, 363, 365], "excluded_lines": []}, "StruggleFeatureExtractor._extract_complexity_features": {"executed_lines": [], "summary": {"covered_lines": 0, "num_statements": 6, "percent_covered": 0.0, "percent_covered_display": "0", "missing_lines": 6, "excluded_lines": 0}, "missing_lines": [378, 379, 385, 386, 389, 391], "excluded_lines": []}, "StruggleFeatureExtractor._extract_behavioral_features": {"executed_lines": [], "summary": {"covered_lines": 0, "num_statements": 7, "percent_covered": 0.0, "percent_covered_display": "0", "missing_lines": 7, "excluded_lines": 0}, "missing_lines": [404, 407, 412, 413, 414, 417, 419], "excluded_lines": []}, "StruggleFeatureExtractor._extract_contextual_features": {"executed_lines": [], "summary": {"covered_lines": 0, "num_statements": 14, "percent_covered": 0.0, "percent_covered_display": "0", "missing_lines": 14, "excluded_lines": 0}, "missing_lines": [431, 434, 435, 436, 437, 439, 442, 443, 444, 445, 447, 450, 451, 453], "excluded_lines": []}, "StruggleFeatureExtractor._calculate_average_retention": {"executed_lines": [], "summary": {"covered_lines": 0, "num_statements": 4, "percent_covered": 0.0, "percent_covered_display": "0", "missing_lines": 4, "excluded_lines": 0}, "missing_lines": [466, 467, 469, 470], "excluded_lines": []}, "StruggleFeatureExtractor._calculate_decline_rate": {"executed_lines": [], "summary": {"covered_lines": 0, "num_statements": 8, "percent_covered": 0.0, "percent_covered_display": "0", "missing_lines": 8, "excluded_lines": 0}, "missing_lines": [477, 478, 481, 484, 487, 488, 491, 492], "excluded_lines": []}, "StruggleFeatureExtractor._calculate_lapse_rate": {"executed_lines": [], "summary": {"covered_lines": 0, "num_statements": 4, "percent_covered": 0.0, "percent_covered_display": "0", "missing_lines": 4, "excluded_lines": 0}, "missing_lines": [499, 500, 502, 503], "excluded_lines": []}, "StruggleFeatureExtractor._calculate_historical_struggle_score": {"executed_lines": [], "summary": {"covered_lines": 0, "num_statements": 5, "percent_covered": 0.0, "percent_covered_display": "0", "missing_lines": 5, "excluded_lines": 0}, "missing_lines": [511, 517, 518, 521, 522], "excluded_lines": []}, "StruggleFeatureExtractor._infer_content_type": {"executed_lines": [], "summary": {"covered_lines": 0, "num_statements": 6, "percent_covered": 0.0, "percent_covered_display": "0", "missing_lines": 6, "excluded_lines": 0}, "missing_lines": [527, 529, 530, 531, 532, 534], "excluded_lines": []}, "StruggleFeatureExtractor._get_preferred_content_type": {"executed_lines": [], "summary": {"covered_lines": 0, "num_statements": 11, "percent_covered": 0.0, "percent_covered_display": "0", "missing_lines": 11, "excluded_lines": 0}, "missing_lines": [541, 542, 544, 547, 548, 550, 551, 552, 553, 554, 556], "excluded_lines": []}, "StruggleFeatureExtractor._calculate_data_quality": {"executed_lines": [], "summary": {"covered_lines": 0, "num_statements": 8, "percent_covered": 0.0, "percent_covered_display": "0", "missing_lines": 8, "excluded_lines": 0}, "missing_lines": [565, 566, 568, 569, 570, 572, 573, 575], "excluded_lines": []}, "StruggleFeatureExtractor._create_default_feature_vector": {"executed_lines": [], "summary": {"covered_lines": 0, "num_statements": 1, "percent_covered": 0.0, "percent_covered_display": "0", "missing_lines": 1, "excluded_lines": 0}, "missing_lines": [579], "excluded_lines": []}, "StruggleFeatureExtractor._get_objective": {"executed_lines": [605], "summary": {"covered_lines": 1, "num_statements": 1, "percent_covered": 100.0, "percent_covered_display": "100", "missing_lines": 0, "excluded_lines": 0}, "missing_lines": [], "excluded_lines": []}, "StruggleFeatureExtractor._get_user_learning_profile": {"executed_lines": [], "summary": {"covered_lines": 0, "num_statements": 6, "percent_covered": 0.0, "percent_covered_display": "0", "missing_lines": 6, "excluded_lines": 0}, "missing_lines": [612, 614, 615, 616, 617, 623], "excluded_lines": []}, "StruggleFeatureExtractor._get_behavioral_patterns": {"executed_lines": [], "summary": {"covered_lines": 0, "num_statements": 6, "percent_covered": 0.0, "percent_covered_display": "0", "missing_lines": 6, "excluded_lines": 0}, "missing_lines": [630, 632, 633, 634, 635, 641], "excluded_lines": []}, "StruggleFeatureExtractor._get_retention_data": {"executed_lines": [], "summary": {"covered_lines": 0, "num_statements": 1, "percent_covered": 0.0, "percent_covered_display": "0", "missing_lines": 1, "excluded_lines": 0}, "missing_lines": [651], "excluded_lines": []}, "StruggleFeatureExtractor._get_review_history": {"executed_lines": [], "summary": {"covered_lines": 0, "num_statements": 1, "percent_covered": 0.0, "percent_covered_display": "0", "missing_lines": 1, "excluded_lines": 0}, "missing_lines": [660], "excluded_lines": []}, "StruggleFeatureExtractor._get_recent_session_performance": {"executed_lines": [], "summary": {"covered_lines": 0, "num_statements": 1, "percent_covered": 0.0, "percent_covered_display": "0", "missing_lines": 1, "excluded_lines": 0}, "missing_lines": [669], "excluded_lines": []}, "StruggleFeatureExtractor._get_validation_prompt_average": {"executed_lines": [], "summary": {"covered_lines": 0, "num_statements": 1, "percent_covered": 0.0, "percent_covered_display": "0", "missing_lines": 1, "excluded_lines": 0}, "missing_lines": [678], "excluded_lines": []}, "StruggleFeatureExtractor._get_prerequisites": {"executed_lines": [], "summary": {"covered_lines": 0, "num_statements": 1, "percent_covered": 0.0, "percent_covered_display": "0", "missing_lines": 1, "excluded_lines": 0}, "missing_lines": [686], "excluded_lines": []}, "StruggleFeatureExtractor._get_mastery_level": {"executed_lines": [], "summary": {"covered_lines": 0, "num_statements": 1, "percent_covered": 0.0, "percent_covered_display": "0", "missing_lines": 1, "excluded_lines": 0}, "missing_lines": [695], "excluded_lines": []}, "StruggleFeatureExtractor._get_topic_area": {"executed_lines": [], "summary": {"covered_lines": 0, "num_statements": 1, "percent_covered": 0.0, "percent_covered_display": "0", "missing_lines": 1, "excluded_lines": 0}, "missing_lines": [700], "excluded_lines": []}, "StruggleFeatureExtractor._get_user_ability_level": {"executed_lines": [], "summary": {"covered_lines": 0, "num_statements": 1, "percent_covered": 0.0, "percent_covered_display": "0", "missing_lines": 1, "excluded_lines": 0}, "missing_lines": [709], "excluded_lines": []}, "StruggleFeatureExtractor._get_cognitive_load_indicator": {"executed_lines": [], "summary": {"covered_lines": 0, "num_statements": 1, "percent_covered": 0.0, "percent_covered_display": "0", "missing_lines": 1, "excluded_lines": 0}, "missing_lines": [714], "excluded_lines": []}, "StruggleFeatureExtractor._get_next_exam_for_topic": {"executed_lines": [], "summary": {"covered_lines": 0, "num_statements": 1, "percent_covered": 0.0, "percent_covered_display": "0", "missing_lines": 1, "excluded_lines": 0}, "missing_lines": [723], "excluded_lines": []}, "StruggleFeatureExtractor._get_last_study_session": {"executed_lines": [], "summary": {"covered_lines": 0, "num_statements": 1, "percent_covered": 0.0, "percent_covered_display": "0", "missing_lines": 1, "excluded_lines": 0}, "missing_lines": [732], "excluded_lines": []}, "StruggleFeatureExtractor._get_pending_objectives_count": {"executed_lines": [], "summary": {"covered_lines": 0, "num_statements": 1, "percent_covered": 0.0, "percent_covered_display": "0", "missing_lines": 1, "excluded_lines": 0}, "missing_lines": [737], "excluded_lines": []}, "StruggleFeatureExtractor._get_objectives_for_topic": {"executed_lines": [], "summary": {"covered_lines": 0, "num_statements": 1, "percent_covered": 0.0, "percent_covered_display": "0", "missing_lines": 1, "excluded_lines": 0}, "missing_lines": [745], "excluded_lines": []}, "StruggleFeatureExtractor._get_from_cache": {"executed_lines": [], "summary": {"covered_lines": 0, "num_statements": 7, "percent_covered": 0.0, "percent_covered_display": "0", "missing_lines": 7, "excluded_lines": 0}, "missing_lines": [755, 756, 758, 759, 761, 762, 764], "excluded_lines": []}, "StruggleFeatureExtractor._set_cache": {"executed_lines": [], "summary": {"covered_lines": 0, "num_statements": 1, "percent_covered": 0.0, "percent_covered_display": "0", "missing_lines": 1, "excluded_lines": 0}, "missing_lines": [768], "excluded_lines": []}, "StruggleFeatureExtractor.clear_cache": {"executed_lines": [], "summary": {"covered_lines": 0, "num_statements": 1, "percent_covered": 0.0, "percent_covered_display": "0", "missing_lines": 1, "excluded_lines": 0}, "missing_lines": [772], "excluded_lines": []}, "": {"executed_lines": [1, 11, 12, 13, 14, 15, 16, 17, 20, 21, 22, 33, 34, 35, 36, 37, 40, 41, 44, 45, 48, 49, 50, 53, 54, 55, 58, 59, 61, 81, 87, 88, 109, 110, 124, 143, 216, 258, 303, 341, 370, 396, 425, 461, 472, 494, 505, 524, 536, 558, 577, 602, 607, 625, 643, 653, 662, 671, 680, 688, 697, 702, 711, 716, 725, 734, 739, 749, 766, 770], "summary": {"covered_lines": 67, "num_statements": 67, "percent_covered": 100.0, "percent_covered_display": "100", "missing_lines": 0, "excluded_lines": 0}, "missing_lines": [], "excluded_lines": []}}, "classes": {"FeatureVector": {"executed_lines": [], "summary": {"covered_lines": 0, "num_statements": 5, "percent_covered": 0.0, "percent_covered_display": "0", "missing_lines": 5, "excluded_lines": 0}, "missing_lines": [63, 83, 84, 85, 90], "excluded_lines": []}, "StruggleFeatureExtractor": {"executed_lines": [132, 133, 134, 137, 138, 139, 159, 605], "summary": {"covered_lines": 8, "num_statements": 168, "percent_covered": 4.761904761904762, "percent_covered_display": "5", "missing_lines": 160, "excluded_lines": 0}, "missing_lines": [160, 161, 164, 167, 170, 173, 176, 181, 190, 232, 234, 236, 239, 240, 241, 242, 245, 248, 250, 273, 275, 278, 279, 282, 283, 285, 287, 289, 292, 293, 294, 299, 310, 313, 316, 317, 320, 321, 324, 329, 333, 348, 350, 352, 355, 356, 357, 358, 361, 362, 363, 365, 378, 379, 385, 386, 389, 391, 404, 407, 412, 413, 414, 417, 419, 431, 434, 435, 436, 437, 439, 442, 443, 444, 445, 447, 450, 451, 453, 466, 467, 469, 470, 477, 478, 481, 484, 487, 488, 491, 492, 499, 500, 502, 503, 511, 517, 518, 521, 522, 527, 529, 530, 531, 532, 534, 541, 542, 544, 547, 548, 550, 551, 552, 553, 554, 556, 565, 566, 568, 569, 570, 572, 573, 575, 579, 612, 614, 615, 616, 617, 623, 630, 632, 633, 634, 635, 641, 651, 660, 669, 678, 686, 695, 700, 709, 714, 723, 732, 737, 745, 755, 756, 758, 759, 761, 762, 764, 768, 772], "excluded_lines": []}, "": {"executed_lines": [1, 11, 12, 13, 14, 15, 16, 17, 20, 21, 22, 33, 34, 35, 36, 37, 40, 41, 44, 45, 48, 49, 50, 53, 54, 55, 58, 59, 61, 81, 87, 88, 109, 110, 124, 143, 216, 258, 303, 341, 370, 396, 425, 461, 472, 494, 505, 524, 536, 558, 577, 602, 607, 625, 643, 653, 662, 671, 680, 688, 697, 702, 711, 716, 725, 734, 739, 749, 766, 770], "summary": {"covered_lines": 67, "num_statements": 67, "percent_covered": 100.0, "percent_covered_display": "100", "missing_lines": 0, "excluded_lines": 0}, "missing_lines": [], "excluded_lines": []}}}, "app/services/struggle_prediction_model.py": {"executed_lines": [1, 12, 13, 14, 15, 16, 17, 18, 19, 22, 23, 24, 33, 34, 36, 39, 40, 41, 44, 45, 46, 47, 48, 49, 50, 52, 59, 60, 61, 64, 65, 66, 67, 68, 69, 70, 71, 72, 73, 75, 82, 83, 84, 87, 88, 89, 90, 91, 94, 95, 116, 123, 124, 127, 128, 129, 132, 133, 136, 137, 138, 142, 159, 253, 302, 376, 420, 473, 496, 521, 549, 585, 610, 640, 675, 695, 696], "summary": {"covered_lines": 72, "num_statements": 238, "percent_covered": 30.252100840336134, "percent_covered_display": "30", "missing_lines": 166, "excluded_lines": 0}, "missing_lines": [54, 55, 56, 77, 78, 79, 154, 155, 157, 177, 185, 193, 195, 196, 197, 198, 199, 201, 203, 204, 206, 208, 209, 210, 211, 212, 214, 216, 217, 221, 222, 223, 224, 225, 227, 229, 230, 233, 236, 241, 243, 263, 264, 267, 268, 271, 274, 275, 276, 277, 279, 282, 285, 288, 290, 321, 322, 328, 329, 332, 337, 338, 339, 343, 352, 355, 356, 361, 364, 367, 370, 371, 372, 374, 391, 392, 395, 396, 399, 402, 403, 407, 410, 413, 414, 416, 436, 437, 440, 441, 442, 443, 444, 447, 450, 453, 457, 480, 509, 512, 513, 516, 517, 519, 535, 538, 539, 542, 543, 544, 545, 547, 556, 559, 560, 562, 563, 565, 566, 568, 569, 572, 573, 575, 576, 579, 583, 590, 591, 594, 595, 598, 599, 600, 601, 604, 608, 616, 617, 620, 621, 624, 627, 628, 634, 635, 636, 647, 648, 651, 654, 666, 671, 682, 692, 693, 706, 707, 709, 710, 711, 712, 713, 714, 715, 717], "excluded_lines": [], "functions": {"PredictionResult.to_dict": {"executed_lines": [], "summary": {"covered_lines": 0, "num_statements": 3, "percent_covered": 0.0, "percent_covered_display": "0", "missing_lines": 3, "excluded_lines": 0}, "missing_lines": [54, 55, 56], "excluded_lines": []}, "ModelMetrics.to_dict": {"executed_lines": [], "summary": {"covered_lines": 0, "num_statements": 3, "percent_covered": 0.0, "percent_covered_display": "0", "missing_lines": 3, "excluded_lines": 0}, "missing_lines": [77, 78, 79], "excluded_lines": []}, "StrugglePredictionModel.__init__": {"executed_lines": [123, 124, 127, 128, 129, 132, 133, 136, 137, 138], "summary": {"covered_lines": 10, "num_statements": 10, "percent_covered": 100.0, "percent_covered_display": "100", "missing_lines": 0, "excluded_lines": 0}, "missing_lines": [], "excluded_lines": []}, "StrugglePredictionModel.predict": {"executed_lines": [], "summary": {"covered_lines": 0, "num_statements": 3, "percent_covered": 0.0, "percent_covered_display": "0", "missing_lines": 3, "excluded_lines": 0}, "missing_lines": [154, 155, 157], "excluded_lines": []}, "StrugglePredictionModel._predict_rule_based": {"executed_lines": [], "summary": {"covered_lines": 0, "num_statements": 32, "percent_covered": 0.0, "percent_covered_display": "0", "missing_lines": 32, "excluded_lines": 0}, "missing_lines": [177, 185, 193, 195, 196, 197, 198, 199, 201, 203, 204, 206, 208, 209, 210, 211, 212, 214, 216, 217, 221, 222, 223, 224, 225, 227, 229, 230, 233, 236, 241, 243], "excluded_lines": []}, "StrugglePredictionModel._predict_ml": {"executed_lines": [], "summary": {"covered_lines": 0, "num_statements": 14, "percent_covered": 0.0, "percent_covered_display": "0", "missing_lines": 14, "excluded_lines": 0}, "missing_lines": [263, 264, 267, 268, 271, 274, 275, 276, 277, 279, 282, 285, 288, 290], "excluded_lines": []}, "StrugglePredictionModel.train": {"executed_lines": [], "summary": {"covered_lines": 0, "num_statements": 19, "percent_covered": 0.0, "percent_covered_display": "0", "missing_lines": 19, "excluded_lines": 0}, "missing_lines": [321, 322, 328, 329, 332, 337, 338, 339, 343, 352, 355, 356, 361, 364, 367, 370, 371, 372, 374], "excluded_lines": []}, "StrugglePredictionModel.update_model": {"executed_lines": [], "summary": {"covered_lines": 0, "num_statements": 12, "percent_covered": 0.0, "percent_covered_display": "0", "missing_lines": 12, "excluded_lines": 0}, "missing_lines": [391, 392, 395, 396, 399, 402, 403, 407, 410, 413, 414, 416], "excluded_lines": []}, "StrugglePredictionModel._evaluate_model": {"executed_lines": [], "summary": {"covered_lines": 0, "num_statements": 11, "percent_covered": 0.0, "percent_covered_display": "0", "missing_lines": 11, "excluded_lines": 0}, "missing_lines": [436, 437, 440, 441, 442, 443, 444, 447, 450, 453, 457], "excluded_lines": []}, "StrugglePredictionModel.get_model_performance": {"executed_lines": [], "summary": {"covered_lines": 0, "num_statements": 1, "percent_covered": 0.0, "percent_covered_display": "0", "missing_lines": 1, "excluded_lines": 0}, "missing_lines": [480], "excluded_lines": []}, "StrugglePredictionModel._calculate_confidence_rule_based": {"executed_lines": [], "summary": {"covered_lines": 0, "num_statements": 6, "percent_covered": 0.0, "percent_covered_display": "0", "missing_lines": 6, "excluded_lines": 0}, "missing_lines": [509, 512, 513, 516, 517, 519], "excluded_lines": []}, "StrugglePredictionModel._calculate_confidence_ml": {"executed_lines": [], "summary": {"covered_lines": 0, "num_statements": 8, "percent_covered": 0.0, "percent_covered_display": "0", "missing_lines": 8, "excluded_lines": 0}, "missing_lines": [535, 538, 539, 542, 543, 544, 545, 547], "excluded_lines": []}, "StrugglePredictionModel._identify_contributing_features_rule_based": {"executed_lines": [], "summary": {"covered_lines": 0, "num_statements": 15, "percent_covered": 0.0, "percent_covered_display": "0", "missing_lines": 15, "excluded_lines": 0}, "missing_lines": [556, 559, 560, 562, 563, 565, 566, 568, 569, 572, 573, 575, 576, 579, 583], "excluded_lines": []}, "StrugglePredictionModel._identify_contributing_features_ml": {"executed_lines": [], "summary": {"covered_lines": 0, "num_statements": 10, "percent_covered": 0.0, "percent_covered_display": "0", "missing_lines": 10, "excluded_lines": 0}, "missing_lines": [590, 591, 594, 595, 598, 599, 600, 601, 604, 608], "excluded_lines": []}, "StrugglePredictionModel._calculate_feature_importance_ml": {"executed_lines": [], "summary": {"covered_lines": 0, "num_statements": 10, "percent_covered": 0.0, "percent_covered_display": "0", "missing_lines": 10, "excluded_lines": 0}, "missing_lines": [616, 617, 620, 621, 624, 627, 628, 634, 635, 636], "excluded_lines": []}, "StrugglePredictionModel._generate_reasoning": {"executed_lines": [], "summary": {"covered_lines": 0, "num_statements": 6, "percent_covered": 0.0, "percent_covered_display": "0", "missing_lines": 6, "excluded_lines": 0}, "missing_lines": [647, 648, 651, 654, 666, 671], "excluded_lines": []}, "StrugglePredictionModel.save": {"executed_lines": [], "summary": {"covered_lines": 0, "num_statements": 3, "percent_covered": 0.0, "percent_covered_display": "0", "missing_lines": 3, "excluded_lines": 0}, "missing_lines": [682, 692, 693], "excluded_lines": []}, "StrugglePredictionModel.load": {"executed_lines": [], "summary": {"covered_lines": 0, "num_statements": 10, "percent_covered": 0.0, "percent_covered_display": "0", "missing_lines": 10, "excluded_lines": 0}, "missing_lines": [706, 707, 709, 710, 711, 712, 713, 714, 715, 717], "excluded_lines": []}, "": {"executed_lines": [1, 12, 13, 14, 15, 16, 17, 18, 19, 22, 23, 24, 33, 34, 36, 39, 40, 41, 44, 45, 46, 47, 48, 49, 50, 52, 59, 60, 61, 64, 65, 66, 67, 68, 69, 70, 71, 72, 73, 75, 82, 83, 84, 87, 88, 89, 90, 91, 94, 95, 116, 142, 159, 253, 302, 376, 420, 473, 496, 521, 549, 585, 610, 640, 675, 695, 696], "summary": {"covered_lines": 62, "num_statements": 62, "percent_covered": 100.0, "percent_covered_display": "100", "missing_lines": 0, "excluded_lines": 0}, "missing_lines": [], "excluded_lines": []}}, "classes": {"PredictionResult": {"executed_lines": [], "summary": {"covered_lines": 0, "num_statements": 3, "percent_covered": 0.0, "percent_covered_display": "0", "missing_lines": 3, "excluded_lines": 0}, "missing_lines": [54, 55, 56], "excluded_lines": []}, "ModelMetrics": {"executed_lines": [], "summary": {"covered_lines": 0, "num_statements": 3, "percent_covered": 0.0, "percent_covered_display": "0", "missing_lines": 3, "excluded_lines": 0}, "missing_lines": [77, 78, 79], "excluded_lines": []}, "TrainingExample": {"executed_lines": [], "summary": {"covered_lines": 0, "num_statements": 0, "percent_covered": 100.0, "percent_covered_display": "100", "missing_lines": 0, "excluded_lines": 0}, "missing_lines": [], "excluded_lines": []}, "StrugglePredictionModel": {"executed_lines": [123, 124, 127, 128, 129, 132, 133, 136, 137, 138], "summary": {"covered_lines": 10, "num_statements": 170, "percent_covered": 5.882352941176471, "percent_covered_display": "6", "missing_lines": 160, "excluded_lines": 0}, "missing_lines": [154, 155, 157, 177, 185, 193, 195, 196, 197, 198, 199, 201, 203, 204, 206, 208, 209, 210, 211, 212, 214, 216, 217, 221, 222, 223, 224, 225, 227, 229, 230, 233, 236, 241, 243, 263, 264, 267, 268, 271, 274, 275, 276, 277, 279, 282, 285, 288, 290, 321, 322, 328, 329, 332, 337, 338, 339, 343, 352, 355, 356, 361, 364, 367, 370, 371, 372, 374, 391, 392, 395, 396, 399, 402, 403, 407, 410, 413, 414, 416, 436, 437, 440, 441, 442, 443, 444, 447, 450, 453, 457, 480, 509, 512, 513, 516, 517, 519, 535, 538, 539, 542, 543, 544, 545, 547, 556, 559, 560, 562, 563, 565, 566, 568, 569, 572, 573, 575, 576, 579, 583, 590, 591, 594, 595, 598, 599, 600, 601, 604, 608, 616, 617, 620, 621, 624, 627, 628, 634, 635, 636, 647, 648, 651, 654, 666, 671, 682, 692, 693, 706, 707, 709, 710, 711, 712, 713, 714, 715, 717], "excluded_lines": []}, "": {"executed_lines": [1, 12, 13, 14, 15, 16, 17, 18, 19, 22, 23, 24, 33, 34, 36, 39, 40, 41, 44, 45, 46, 47, 48, 49, 50, 52, 59, 60, 61, 64, 65, 66, 67, 68, 69, 70, 71, 72, 73, 75, 82, 83, 84, 87, 88, 89, 90, 91, 94, 95, 116, 142, 159, 253, 302, 376, 420, 473, 496, 521, 549, 585, 610, 640, 675, 695, 696], "summary": {"covered_lines": 62, "num_statements": 62, "percent_covered": 100.0, "percent_covered_display": "100", "missing_lines": 0, "excluded_lines": 0}, "missing_lines": [], "excluded_lines": []}}}, "app/utils/__init__.py": {"executed_lines": [1], "summary": {"covered_lines": 0, "num_statements": 0, "percent_covered": 100.0, "percent_covered_display": "100", "missing_lines": 0, "excluded_lines": 0}, "missing_lines": [], "excluded_lines": [], "functions": {"": {"executed_lines": [1], "summary": {"covered_lines": 0, "num_statements": 0, "percent_covered": 100.0, "percent_covered_display": "100", "missing_lines": 0, "excluded_lines": 0}, "missing_lines": [], "excluded_lines": []}}, "classes": {"": {"executed_lines": [1], "summary": {"covered_lines": 0, "num_statements": 0, "percent_covered": 100.0, "percent_covered_display": "100", "missing_lines": 0, "excluded_lines": 0}, "missing_lines": [], "excluded_lines": []}}}, "app/utils/config.py": {"executed_lines": [1, 8, 9, 10, 11, 14, 15, 22, 25, 26, 29, 32, 34, 35, 36, 38, 39, 45, 46, 49, 50, 51, 54, 55, 56, 59, 60, 62, 70, 71, 77, 81], "summary": {"covered_lines": 30, "num_statements": 33, "percent_covered": 90.9090909090909, "percent_covered_display": "91", "missing_lines": 3, "excluded_lines": 0}, "missing_lines": [40, 41, 42], "excluded_lines": [], "functions": {"Settings.parse_cors_origins": {"executed_lines": [38, 39], "summary": {"covered_lines": 2, "num_statements": 5, "percent_covered": 40.0, "percent_covered_display": "40", "missing_lines": 3, "excluded_lines": 0}, "missing_lines": [40, 41, 42], "excluded_lines": []}, "get_settings": {"executed_lines": [77], "summary": {"covered_lines": 1, "num_statements": 1, "percent_covered": 100.0, "percent_covered_display": "100", "missing_lines": 0, "excluded_lines": 0}, "missing_lines": [], "excluded_lines": []}, "": {"executed_lines": [1, 8, 9, 10, 11, 14, 15, 22, 25, 26, 29, 32, 34, 35, 36, 45, 46, 49, 50, 51, 54, 55, 56, 59, 60, 62, 70, 71, 81], "summary": {"covered_lines": 27, "num_statements": 27, "percent_covered": 100.0, "percent_covered_display": "100", "missing_lines": 0, "excluded_lines": 0}, "missing_lines": [], "excluded_lines": []}}, "classes": {"Settings": {"executed_lines": [38, 39], "summary": {"covered_lines": 2, "num_statements": 5, "percent_covered": 40.0, "percent_covered_display": "40", "missing_lines": 3, "excluded_lines": 0}, "missing_lines": [40, 41, 42], "excluded_lines": []}, "": {"executed_lines": [1, 8, 9, 10, 11, 14, 15, 22, 25, 26, 29, 32, 34, 35, 36, 45, 46, 49, 50, 51, 54, 55, 56, 59, 60, 62, 70, 71, 77, 81], "summary": {"covered_lines": 28, "num_statements": 28, "percent_covered": 100.0, "percent_covered_display": "100", "missing_lines": 0, "excluded_lines": 0}, "missing_lines": [], "excluded_lines": []}}}, "app/utils/logging.py": {"executed_lines": [1, 8, 9, 10, 11, 12, 14, 17, 18, 24, 51, 52, 56, 57, 63, 70, 73, 76, 79, 80, 83, 86, 87, 88, 89, 92, 93, 95], "summary": {"covered_lines": 25, "num_statements": 36, "percent_covered": 69.44444444444444, "percent_covered_display": "69", "missing_lines": 11, "excluded_lines": 0}, "missing_lines": [26, 37, 38, 41, 42, 43, 44, 45, 46, 48, 74], "excluded_lines": [], "functions": {"JSONFormatter.format": {"executed_lines": [], "summary": {"covered_lines": 0, "num_statements": 10, "percent_covered": 0.0, "percent_covered_display": "0", "missing_lines": 10, "excluded_lines": 0}, "missing_lines": [26, 37, 38, 41, 42, 43, 44, 45, 46, 48], "excluded_lines": []}, "TextFormatter.__init__": {"executed_lines": [57], "summary": {"covered_lines": 1, "num_statements": 1, "percent_covered": 100.0, "percent_covered_display": "100", "missing_lines": 0, "excluded_lines": 0}, "missing_lines": [], "excluded_lines": []}, "setup_logging": {"executed_lines": [70, 73, 76, 79, 80, 83, 86, 87, 88, 89, 92, 93, 95], "summary": {"covered_lines": 13, "num_statements": 14, "percent_covered": 92.85714285714286, "percent_covered_display": "93", "missing_lines": 1, "excluded_lines": 0}, "missing_lines": [74], "excluded_lines": []}, "": {"executed_lines": [1, 8, 9, 10, 11, 12, 14, 17, 18, 24, 51, 52, 56, 63], "summary": {"covered_lines": 11, "num_statements": 11, "percent_covered": 100.0, "percent_covered_display": "100", "missing_lines": 0, "excluded_lines": 0}, "missing_lines": [], "excluded_lines": []}}, "classes": {"JSONFormatter": {"executed_lines": [], "summary": {"covered_lines": 0, "num_statements": 10, "percent_covered": 0.0, "percent_covered_display": "0", "missing_lines": 10, "excluded_lines": 0}, "missing_lines": [26, 37, 38, 41, 42, 43, 44, 45, 46, 48], "excluded_lines": []}, "TextFormatter": {"executed_lines": [57], "summary": {"covered_lines": 1, "num_statements": 1, "percent_covered": 100.0, "percent_covered_display": "100", "missing_lines": 0, "excluded_lines": 0}, "missing_lines": [], "excluded_lines": []}, "": {"executed_lines": [1, 8, 9, 10, 11, 12, 14, 17, 18, 24, 51, 52, 56, 63, 70, 73, 76, 79, 80, 83, 86, 87, 88, 89, 92, 93, 95], "summary": {"covered_lines": 24, "num_statements": 25, "percent_covered": 96.0, "percent_covered_display": "96", "missing_lines": 1, "excluded_lines": 0}, "missing_lines": [74], "excluded_lines": []}}}}, "totals": {"covered_lines": 560, "num_statements": 1001, "percent_covered": 55.94405594405595, "percent_covered_display": "56", "missing_lines": 441, "excluded_lines": 1}}